<?xml version="1.0" encoding="UTF-8"?>
<!-- Generated by org.testng.reporters.JUnitReportReporter -->
<testsuite hostname="ApurvaNaik42" failures="0" tests="3" name="TestComponents.BasicsTest" time="3.926" errors="0" timestamp="2024-04-07T13:26:25 IST" skipped="0">
  <testcase classname="TestComponents.BasicsTest" name="getPlace" time="0.647"/>
  <testcase classname="TestComponents.BasicsTest" name="addPlace" time="2.060"/>
  <testcase classname="TestComponents.BasicsTest" name="updatePlace" time="1.219"/>
</testsuite> <!-- TestComponents.BasicsTest -->
