<?xml version="1.0" encoding="UTF-8"?>
<!-- Generated by org.testng.reporters.JUnitReportReporter -->
<testsuite hostname="ApurvaNaik42" failures="0" tests="6" name="TestComponents.BooksTest" time="1.377" errors="0" timestamp="2024-04-07T13:26:25 IST" skipped="0">
  <testcase classname="TestComponents.BooksTest" name="deletePlace" time="0.172"/>
  <testcase classname="TestComponents.BooksTest" name="deletePlace" time="0.219"/>
  <testcase classname="TestComponents.BooksTest" name="addBook" time="0.188"/>
  <testcase classname="TestComponents.BooksTest" name="addBook" time="0.204"/>
  <testcase classname="TestComponents.BooksTest" name="addBook" time="0.297"/>
  <testcase classname="TestComponents.BooksTest" name="deletePlace" time="0.297"/>
</testsuite> <!-- TestComponents.BooksTest -->
